<html>
<body>
<pre>
<h1>Vision Build Log</h1>
<h2>Tool Versions:</h2>
IDE-Version: μVision V5.14.2
Copyright (C) 2015 ARM Ltd and ARM Germany GmbH. All rights reserved.
License Information: Cortex-M3, Microsoft, LIC=GMZ45-GSX6Q-5T73W-QW69F-85HIX-D6TUV
 
Tool Versions:
Toolchain:       MDK-ARM Standard  Version: 5.14.0.0
Toolchain Path:  C:\Keil_v5\ARM\ARMCC\Bin
C Compiler:      Armcc.exe V5.05 update 1 (build 106)
Assembler:       Armasm.exe V5.05 update 1 (build 106)
Linker/Locator:  ArmLink.exe V5.05 update 1 (build 106)
Library Manager: ArmAr.exe V5.05 update 1 (build 106)
Hex Converter:   FromElf.exe V5.05 update 1 (build 106)
CPU DLL:         SARMCM3.DLL V5.14.0.0
Dialog DLL:      DCM.DLL V1.13.1.0
Target DLL:      STLink\ST-LINKIII-KEIL_SWO.dll V2.0.14.0_KEIL
Dialog DLL:      TCM.DLL V1.14.4.0
 
<h2>Project:</h2>
D:\2kaadas\2、项目文件\7、蓝牙测试\1、程序\模块测试板\Project\Module.uvprojx
Project File Date:  12/30/2019

<h2>Output:</h2>
*** Using Compiler 'V5.05 update 1 (build 106)', folder: 'C:\Keil_v5\ARM\ARMCC\Bin'
*** Note: Rebuilding project, since 'Options->Output->Create Batch File' is selected.
Rebuild target 'Module'
assembling startup_stm32l1xx_md.s...
compiling misc.c...
compiling stm32l1xx_adc.c...
compiling stm32l1xx_aes.c...
compiling stm32l1xx_aes_util.c...
compiling stm32l1xx_comp.c...
compiling stm32l1xx_crc.c...
compiling stm32l1xx_dac.c...
compiling stm32l1xx_dbgmcu.c...
compiling stm32l1xx_dma.c...
compiling stm32l1xx_exti.c...
compiling stm32l1xx_flash.c...
compiling stm32l1xx_fsmc.c...
compiling stm32l1xx_gpio.c...
compiling stm32l1xx_i2c.c...
compiling stm32l1xx_iwdg.c...
compiling stm32l1xx_lcd.c...
compiling stm32l1xx_opamp.c...
compiling stm32l1xx_pwr.c...
compiling stm32l1xx_rcc.c...
compiling stm32l1xx_rtc.c...
compiling stm32l1xx_sdio.c...
compiling stm32l1xx_spi.c...
compiling stm32l1xx_syscfg.c...
compiling stm32l1xx_tim.c...
compiling stm32l1xx_usart.c...
compiling stm32l1xx_wwdg.c...
compiling main.c...
..\Driver\USART2.h(55): error:  #147: declaration is incompatible with "void CheckData(u8 *)" (declared at line 52)
  u8 CheckData(u8 *pData);
..\main\main.c: 0 warnings, 1 error
compiling system_stm32l1xx.c...
compiling stm32l1xx_it.c...
compiling led.c...
..\Driver\USART2.h(55): error:  #147: declaration is incompatible with "void CheckData(u8 *)" (declared at line 52)
  u8 CheckData(u8 *pData);
..\Driver\led\led.c: 0 warnings, 1 error
compiling delay.c...
..\Driver\USART2.h(55): error:  #147: declaration is incompatible with "void CheckData(u8 *)" (declared at line 52)
  u8 CheckData(u8 *pData);
..\Driver\system\delay\delay.c: 0 warnings, 1 error
compiling sys.c...
..\Driver\USART2.h(55): error:  #147: declaration is incompatible with "void CheckData(u8 *)" (declared at line 52)
  u8 CheckData(u8 *pData);
..\Driver\system\sys\sys.c: 0 warnings, 1 error
compiling spi.c...
..\Driver\USART2.h(55): error:  #147: declaration is incompatible with "void CheckData(u8 *)" (declared at line 52)
  u8 CheckData(u8 *pData);
..\Driver\spi.c: 0 warnings, 1 error
compiling TM7707.c...
..\Driver\USART2.h(55): error:  #147: declaration is incompatible with "void CheckData(u8 *)" (declared at line 52)
  u8 CheckData(u8 *pData);
..\Driver\TM7707.c: 0 warnings, 1 error
compiling key.c...
..\Driver\USART2.h(55): error:  #147: declaration is incompatible with "void CheckData(u8 *)" (declared at line 52)
  u8 CheckData(u8 *pData);
..\Driver\key.c: 0 warnings, 1 error
compiling relay.c...
..\Driver\USART2.h(55): error:  #147: declaration is incompatible with "void CheckData(u8 *)" (declared at line 52)
  u8 CheckData(u8 *pData);
..\Driver\relay.c: 0 warnings, 1 error
compiling eeprom.c...
..\Driver\USART2.h(55): error:  #147: declaration is incompatible with "void CheckData(u8 *)" (declared at line 52)
  u8 CheckData(u8 *pData);
..\Driver\eeprom.c: 0 warnings, 1 error
compiling TIM.c...
..\Driver\USART2.h(55): error:  #147: declaration is incompatible with "void CheckData(u8 *)" (declared at line 52)
  u8 CheckData(u8 *pData);
..\Driver\TIM.c: 0 warnings, 1 error
compiling Adc.c...
..\Driver\USART2.h(55): error:  #147: declaration is incompatible with "void CheckData(u8 *)" (declared at line 52)
  u8 CheckData(u8 *pData);
..\Driver\Adc.c: 0 warnings, 1 error
compiling Usart.c...
..\Driver\USART2.h(55): error:  #147: declaration is incompatible with "void CheckData(u8 *)" (declared at line 52)
  u8 CheckData(u8 *pData);
..\Driver\Usart.c: 0 warnings, 1 error
compiling USART2.c...
..\Driver\USART2.h(55): error:  #147: declaration is incompatible with "void CheckData(u8 *)" (declared at line 52)
  u8 CheckData(u8 *pData);
..\Driver\USART2.c(121): warning:  #111-D: statement is unreachable
        switch (*(pData+4))
..\Driver\USART2.c: 1 warning, 1 error
"..\OBJ\KDS_Module-T V1.0.01" - 13 Error(s), 1 Warning(s).

<h2>Collection of Component include folders:</h2>
  D:\2kaadas\2、项目文件\7、蓝牙测试\1、程序\模块测试板\Project\RTE
  C:\Keil_v5\ARM\PACK\Keil\STM32L1xx_DFP\1.2.0\Device\Include

<h2>Collection of Component Files used:</h2>
Target not created.
</pre>
</body>
</html>
